<?xml version="1.0" encoding="UTF-8"?>
<!-- Generated by org.testng.reporters.JUnitReportReporter -->
<testsuite hostname="WIN-DNRKP4M9RCN" failures="0" tests="2" name="cucumberOptions.TestNGTestRunner" time="18.105" errors="0" timestamp="2023-04-29T22:15:45 EEST" skipped="0">
  <testcase classname="cucumberOptions.TestNGTestRunner" name="runScenario" time="10.567"/>
  <system-out/>
  <testcase classname="cucumberOptions.TestNGTestRunner" name="runScenario" time="7.538"/>
  <system-out/>
</testsuite> <!-- cucumberOptions.TestNGTestRunner -->
